01-OpenGL/02-PP/03-Android/07-EventWithExit/app/build/intermediates/manifest_merge_blame_file/release/manifest-merger-blame-release-report.txt
1<?xml version="1.0" encoding="utf-8"?>
2<manifest xmlns:android="http://schemas.android.com/apk/res/android"
3    package="com.tejas.window"
4    android:versionCode="1"
5    android:versionName="1.0" >
6
7    <uses-sdk
8        android:minSdkVersion="21"
8-->src\main\AndroidManifest.xml
9        android:targetSdkVersion="32" />
9-->src\main\AndroidManifest.xml
10
11    <application
11-->src\main\AndroidManifest.xml:5:5-19:19
12        android:appComponentFactory="androidx.core.app.CoreComponentFactory"
12-->[androidx.core:core:1.8.0] AndroidManifest.xml:24:18-86
13        android:icon="@mipmap/my_icon"
13-->src\main\AndroidManifest.xml:6:9-39
14        android:label="@string/app_name"
14-->src\main\AndroidManifest.xml:7:9-41
15        android:roundIcon="@mipmap/myicon_round"
15-->src\main\AndroidManifest.xml:8:9-49
16        android:theme="@style/Theme.AppCompat" >
16-->src\main\AndroidManifest.xml:9:9-47
17        <activity
17-->src\main\AndroidManifest.xml:10:9-18:20
18            android:name="com.tejas.window.MainActivity"
18-->src\main\AndroidManifest.xml:11:13-41
19            android:exported="true" >
19-->src\main\AndroidManifest.xml:12:13-36
20            <intent-filter>
20-->src\main\AndroidManifest.xml:13:13-17:29
21                <action android:name="android.intent.action.MAIN" />
21-->src\main\AndroidManifest.xml:14:17-69
21-->src\main\AndroidManifest.xml:14:25-66
22
23                <category android:name="android.intent.category.LAUNCHER" />
23-->src\main\AndroidManifest.xml:16:17-77
23-->src\main\AndroidManifest.xml:16:27-74
24            </intent-filter>
25        </activity>
26
27        <provider
27-->[androidx.emoji2:emoji2:1.2.0] AndroidManifest.xml:24:9-32:20
28            android:name="androidx.startup.InitializationProvider"
28-->[androidx.emoji2:emoji2:1.2.0] AndroidManifest.xml:25:13-67
29            android:authorities="com.tejas.window.androidx-startup"
29-->[androidx.emoji2:emoji2:1.2.0] AndroidManifest.xml:26:13-68
30            android:exported="false" >
30-->[androidx.emoji2:emoji2:1.2.0] AndroidManifest.xml:27:13-37
31            <meta-data
31-->[androidx.emoji2:emoji2:1.2.0] AndroidManifest.xml:29:13-31:52
32                android:name="androidx.emoji2.text.EmojiCompatInitializer"
32-->[androidx.emoji2:emoji2:1.2.0] AndroidManifest.xml:30:17-75
33                android:value="androidx.startup" />
33-->[androidx.emoji2:emoji2:1.2.0] AndroidManifest.xml:31:17-49
34            <meta-data
34-->[androidx.lifecycle:lifecycle-process:2.4.1] AndroidManifest.xml:31:13-33:52
35                android:name="androidx.lifecycle.ProcessLifecycleInitializer"
35-->[androidx.lifecycle:lifecycle-process:2.4.1] AndroidManifest.xml:32:17-78
36                android:value="androidx.startup" />
36-->[androidx.lifecycle:lifecycle-process:2.4.1] AndroidManifest.xml:33:17-49
37        </provider>
38    </application>
39
40</manifest>